2026-05-20 13:39:16,217 [INFO] Activator:176 - 


2026-05-20 13:39:16,230 [INFO] Activator:177 - !SESSION log4j initialized
2026-05-20 13:39:36,712 [INFO] LogOutputStream:77 - [STDOUT_REDIRECT] 
2026-05-20 13:39:40,988 [INFO] ApplicationProperties:184 - Using Application install path: C:\ST\STM32CubeIDE_1.15.1\STM32CubeIDE\plugins\com.st.stm32cube.common.mx_6.11.1.202404110753
2026-05-20 13:39:41,031 [INFO] DbMcusXml:78 - Set database path to: C:\ST\STM32CubeIDE_1.15.1\STM32CubeIDE\plugins\com.st.stm32cube.common.mx_6.11.1.202404110753\\db\/mcu/
2026-05-20 13:39:41,032 [INFO] ApiDb:274 - Set plugin database path to: C:\ST\STM32CubeIDE_1.15.1\STM32CubeIDE\plugins\com.st.stm32cube.common.mx_6.11.1.202404110753\\db\/plugins/boardmanager/
2026-05-20 13:39:41,033 [WARN] ApiDb:259 - Overriding images path with different value:  => C:\ST\STM32CubeIDE_1.15.1\STM32CubeIDE\plugins\com.st.stm32cube.common.mx_6.11.1.202404110753\\db\/plugins/mcufinder/images/
2026-05-20 13:39:41,057 [INFO] ApiDb:250 - Set database path to: C:\Users\madhi\.stmcufinder\plugins\mcufinder//mcu/
2026-05-20 13:39:41,059 [INFO] DbMcusAds:125 - Set database path to: C:\Users\madhi\.stmcufinder\plugins\mcufinder//mcu/
2026-05-20 13:39:41,064 [INFO] CrossReferenceDbSqlite:203 - Set database path to: C:\Users\madhi\.stmcufinder\plugins\mcufinder//mcu/cs/
2026-05-20 13:39:41,399 [INFO] RulesReader:64 - Compatibility file has been processed (297 Rules)
2026-05-20 13:39:41,648 [INFO] DbMcusXml:78 - Set database path to: C:\ST\STM32CubeIDE_1.15.1\STM32CubeIDE\plugins\com.st.stm32cube.common.mx_6.11.1.202404110753\\db\/mcu/
2026-05-20 13:39:41,649 [INFO] ApiDb:274 - Set plugin database path to: C:\ST\STM32CubeIDE_1.15.1\STM32CubeIDE\plugins\com.st.stm32cube.common.mx_6.11.1.202404110753\\db\/plugins/boardmanager/
2026-05-20 13:39:41,649 [INFO] ApiDb:261 - Set plugin images path to: C:\ST\STM32CubeIDE_1.15.1\STM32CubeIDE\plugins\com.st.stm32cube.common.mx_6.11.1.202404110753\\db\/plugins/mcufinder/images/
2026-05-20 13:39:41,649 [WARN] DbFile:41 - Overriding database path with different value: C:\Users\madhi\.stmcufinder\plugins\mcufinder/ => C:\Users\madhi\.stmcufinder\plugins\mcufinder
2026-05-20 13:39:41,650 [INFO] ApiDb:250 - Set database path to: C:\Users\madhi\.stmcufinder\plugins\mcufinder//mcu/
2026-05-20 13:39:41,650 [WARN] DbFile:41 - Overriding database path with different value: C:\Users\madhi\.stmcufinder\plugins\mcufinder/ => C:\Users\madhi\.stmcufinder\plugins\mcufinder
2026-05-20 13:39:41,650 [INFO] DbMcusAds:125 - Set database path to: C:\Users\madhi\.stmcufinder\plugins\mcufinder//mcu/
2026-05-20 13:39:41,650 [WARN] DbFile:41 - Overriding database path with different value: C:\Users\madhi\.stmcufinder\plugins\mcufinder/ => C:\Users\madhi\.stmcufinder\plugins\mcufinder
2026-05-20 13:39:41,650 [WARN] DbFile:41 - Overriding database path with different value: C:\Users\madhi\.stmcufinder\plugins\mcufinder/ => C:\Users\madhi\.stmcufinder\plugins\mcufinder
2026-05-20 13:39:41,651 [INFO] CrossReferenceDbSqlite:203 - Set database path to: C:\Users\madhi\.stmcufinder\plugins\mcufinder//mcu/cs/
2026-05-20 13:39:41,817 [INFO] MainPanel:264 - HeapMemory: 268435456
2026-05-20 13:39:42,014 [INFO] DbMcusXml:78 - Set database path to: C:\ST\STM32CubeIDE_1.15.1\STM32CubeIDE\plugins\com.st.stm32cube.common.mx_6.11.1.202404110753\\db\/mcu/
2026-05-20 13:39:42,014 [INFO] ApiDb:274 - Set plugin database path to: C:\ST\STM32CubeIDE_1.15.1\STM32CubeIDE\plugins\com.st.stm32cube.common.mx_6.11.1.202404110753\\db\/plugins/boardmanager/
2026-05-20 13:39:42,014 [INFO] ApiDb:261 - Set plugin images path to: C:\ST\STM32CubeIDE_1.15.1\STM32CubeIDE\plugins\com.st.stm32cube.common.mx_6.11.1.202404110753\\db\/plugins/mcufinder/images/
2026-05-20 13:39:42,016 [WARN] DbFile:41 - Overriding database path with different value: C:\Users\madhi\.stmcufinder\plugins\mcufinder/ => C:\Users\madhi\.stmcufinder\plugins\mcufinder
2026-05-20 13:39:42,016 [INFO] ApiDb:250 - Set database path to: C:\Users\madhi\.stmcufinder\plugins\mcufinder//mcu/
2026-05-20 13:39:42,016 [WARN] DbFile:41 - Overriding database path with different value: C:\Users\madhi\.stmcufinder\plugins\mcufinder/ => C:\Users\madhi\.stmcufinder\plugins\mcufinder
2026-05-20 13:39:42,016 [INFO] DbMcusAds:125 - Set database path to: C:\Users\madhi\.stmcufinder\plugins\mcufinder//mcu/
2026-05-20 13:39:42,016 [WARN] DbFile:41 - Overriding database path with different value: C:\Users\madhi\.stmcufinder\plugins\mcufinder/ => C:\Users\madhi\.stmcufinder\plugins\mcufinder
2026-05-20 13:39:42,017 [WARN] DbFile:41 - Overriding database path with different value: C:\Users\madhi\.stmcufinder\plugins\mcufinder/ => C:\Users\madhi\.stmcufinder\plugins\mcufinder
2026-05-20 13:39:42,017 [INFO] CrossReferenceDbSqlite:203 - Set database path to: C:\Users\madhi\.stmcufinder\plugins\mcufinder//mcu/cs/
2026-05-20 13:39:42,061 [INFO] ApplicationProperties:184 - Using Application install path: C:\ST\STM32CubeIDE_1.15.1\STM32CubeIDE\plugins\com.st.stm32cube.common.mx_6.11.1.202404110753
2026-05-20 13:39:42,065 [INFO] PluginManage:196 - Search for loadable plugins [exclusion list=, ]
2026-05-20 13:39:42,069 [INFO] PluginManage:310 - Check plugin analytics
2026-05-20 13:39:42,632 [INFO] AnalyticsPlugin:253 - Accepted Software Licenses: 
2026-05-20 13:39:42,633 [INFO] AnalyticsPlugin:255 - Accepted CMSIS Pack Licenses: 
2026-05-20 13:39:42,633 [INFO] AnalyticsPlugin:257 - Accepted Firmware Licenses: FW.F4.1.28.0
2026-05-20 13:39:42,641 [INFO] PluginManage:359 - Loaded plugin analytics (category:tool,tabindex:-1)
2026-05-20 13:39:42,642 [INFO] PluginManage:310 - Check plugin cadmodel
2026-05-20 13:39:42,675 [INFO] CADModel:105 - Init CAD model plugin
2026-05-20 13:39:42,676 [INFO] PluginManage:359 - Loaded plugin cadmodel (category:power,tabindex:5)
2026-05-20 13:39:42,676 [INFO] PluginManage:310 - Check plugin clock
2026-05-20 13:39:42,725 [INFO] PluginManage:359 - Loaded plugin clock (category:base,tabindex:2)
2026-05-20 13:39:42,725 [INFO] PluginManage:310 - Check plugin ddr
2026-05-20 13:39:42,735 [INFO] PluginManage:359 - Loaded plugin ddr (category:tool,tabindex:6)
2026-05-20 13:39:42,735 [INFO] PluginManage:310 - Check plugin filemanager
2026-05-20 13:39:43,068 [INFO] PluginManage:359 - Loaded plugin filemanager (category:base,tabindex:10)
2026-05-20 13:39:43,069 [INFO] PluginManage:310 - Check plugin ipmanager
2026-05-20 13:39:43,084 [INFO] PluginManage:359 - Loaded plugin ipmanager (category:base,tabindex:5)
2026-05-20 13:39:43,085 [INFO] PluginManage:310 - Check plugin lpbam
2026-05-20 13:39:43,121 [INFO] PluginManage:359 - Loaded plugin lpbam (category:base,tabindex:0)
2026-05-20 13:39:43,121 [INFO] PluginManage:310 - Check plugin memorymap
2026-05-20 13:39:43,173 [INFO] PluginManage:359 - Loaded plugin memorymap (category:base,tabindex:4)
2026-05-20 13:39:43,173 [INFO] PluginManage:310 - Check plugin pinoutandconfiguration
2026-05-20 13:39:43,210 [INFO] PluginManage:359 - Loaded plugin pinoutandconfiguration (category:base,tabindex:1)
2026-05-20 13:39:43,210 [INFO] PluginManage:310 - Check plugin pinoutconfig
2026-05-20 13:39:43,407 [WARN] SupportedApi:132 - Cannot load RTOS API schema: s4s-elt-must-match.1: The content of 'definitions' must match (annotation?, (simpleType | complexType)?, (unique | key | keyref)*)). A problem was found starting at: attribute.
2026-05-20 13:39:43,685 [INFO] PluginManage:359 - Loaded plugin pinoutconfig (category:base,tabindex:0)
2026-05-20 13:39:43,685 [INFO] PluginManage:310 - Check plugin power
2026-05-20 13:39:43,746 [INFO] PluginManage:359 - Loaded plugin power (category:power,tabindex:4)
2026-05-20 13:39:43,746 [INFO] PluginManage:310 - Check plugin projectmanager
2026-05-20 13:39:43,787 [INFO] PluginManage:359 - Loaded plugin projectmanager (category:projectmanager,tabindex:3)
2026-05-20 13:39:43,788 [INFO] PluginManage:310 - Check plugin thirdparty
2026-05-20 13:39:44,432 [INFO] PluginManage:359 - Loaded plugin thirdparty (category:base,tabindex:-1)
2026-05-20 13:39:44,432 [INFO] PluginManage:310 - Check plugin tools
2026-05-20 13:39:44,432 [WARN] IntegrityCheckThread:84 - waiting for thirdparty lock release [integrity check]
2026-05-20 13:39:44,433 [INFO] IntegrityCheckThread:86 - entering critical section [integrity check]
2026-05-20 13:39:44,434 [INFO] ThirdPartyUpdaterWithRetryManager:70 - Updater plugin not ready yet. [1/15]
2026-05-20 13:39:44,521 [INFO] PluginManage:359 - Loaded plugin tools (category:base,tabindex:7)
2026-05-20 13:39:44,521 [INFO] PluginManage:310 - Check plugin tutovideos
2026-05-20 13:39:44,940 [INFO] PluginManage:359 - Loaded plugin tutovideos (category:base,tabindex:-1)
2026-05-20 13:39:44,940 [INFO] PluginManage:310 - Check plugin updater
2026-05-20 13:39:44,962 [INFO] PluginManage:359 - Loaded plugin updater (category:base,tabindex:12)
2026-05-20 13:39:44,963 [INFO] PluginManage:310 - Check plugin userauth
2026-05-20 13:39:44,975 [INFO] UserAuth:114 - Init User Auth plugin
2026-05-20 13:39:44,975 [INFO] PluginManage:359 - Loaded plugin userauth (category:base,tabindex:14)
2026-05-20 13:39:44,976 [INFO] PluginManage:283 - PluginManage : Loaded plugins [17]
2026-05-20 13:39:45,469 [INFO] PinOutPanel:1561 - setPackage(No Configuration,No Configuration)
2026-05-20 13:39:45,634 [INFO] CADModel:165 - CPN selected for project level
2026-05-20 13:39:45,634 [INFO] CADModel:114 - Register for checkConnection events
2026-05-20 13:39:45,691 [INFO] IPUIPlugin:80 - create IPUIPlugin
2026-05-20 13:39:45,691 [INFO] PluginManager:220 - loadIPPluginJar : add adc
2026-05-20 13:39:45,784 [INFO] IPUIPlugin:80 - create IPUIPlugin
2026-05-20 13:39:45,784 [INFO] PluginManager:220 - loadIPPluginJar : add aes
2026-05-20 13:39:45,886 [INFO] IPUIPlugin:80 - create IPUIPlugin
2026-05-20 13:39:45,886 [INFO] PluginManager:220 - loadIPPluginJar : add can
2026-05-20 13:39:45,949 [INFO] IPUIPlugin:80 - create IPUIPlugin
2026-05-20 13:39:45,949 [INFO] PluginManager:220 - loadIPPluginJar : add comp
2026-05-20 13:39:46,034 [INFO] IPUIPlugin:80 - create IPUIPlugin
2026-05-20 13:39:46,034 [INFO] PluginManager:220 - loadIPPluginJar : add cryp
2026-05-20 13:39:46,113 [INFO] IPUIPlugin:80 - create IPUIPlugin
2026-05-20 13:39:46,113 [INFO] PluginManager:220 - loadIPPluginJar : add dfsdm
2026-05-20 13:39:46,145 [INFO] IPUIPlugin:80 - create IPUIPlugin
2026-05-20 13:39:46,146 [INFO] PluginManager:220 - loadIPPluginJar : add dma
2026-05-20 13:39:46,282 [INFO] IPUIPlugin:80 - create IPUIPlugin
2026-05-20 13:39:46,283 [INFO] PluginManager:220 - loadIPPluginJar : add dma3
2026-05-20 13:39:46,417 [INFO] IPUIPlugin:80 - create IPUIPlugin
2026-05-20 13:39:46,417 [INFO] PluginManager:220 - loadIPPluginJar : add extmemmanager
2026-05-20 13:39:46,477 [INFO] IPUIPlugin:80 - create IPUIPlugin
2026-05-20 13:39:46,478 [INFO] PluginManager:220 - loadIPPluginJar : add fatfs
2026-05-20 13:39:46,624 [INFO] IPUIPlugin:80 - create IPUIPlugin
2026-05-20 13:39:46,624 [INFO] PluginManager:220 - loadIPPluginJar : add fmc
2026-05-20 13:39:46,662 [INFO] IPUIPlugin:80 - create IPUIPlugin
2026-05-20 13:39:46,662 [INFO] PluginManager:220 - loadIPPluginJar : add freertos
2026-05-20 13:39:46,726 [INFO] IPUIPlugin:80 - create IPUIPlugin
2026-05-20 13:39:46,727 [INFO] PluginManager:220 - loadIPPluginJar : add genericplugin
2026-05-20 13:39:47,045 [INFO] IPUIPlugin:80 - create IPUIPlugin
2026-05-20 13:39:47,045 [INFO] PluginManager:220 - loadIPPluginJar : add gfxmmu
2026-05-20 13:39:47,393 [INFO] IPUIPlugin:80 - create IPUIPlugin
2026-05-20 13:39:47,393 [INFO] PluginManager:220 - loadIPPluginJar : add gic
2026-05-20 13:39:47,431 [INFO] IPUIPlugin:80 - create IPUIPlugin
2026-05-20 13:39:47,432 [INFO] PluginManager:220 - loadIPPluginJar : add gpio
2026-05-20 13:39:47,435 [INFO] ThirdPartyUpdaterWithRetryManager:70 - Updater plugin not ready yet. [2/15]
2026-05-20 13:39:47,698 [INFO] IPUIPlugin:80 - create IPUIPlugin
2026-05-20 13:39:47,698 [INFO] PluginManager:220 - loadIPPluginJar : add gtzc
2026-05-20 13:39:47,788 [INFO] IPUIPlugin:80 - create IPUIPlugin
2026-05-20 13:39:47,789 [INFO] PluginManager:220 - loadIPPluginJar : add hash
2026-05-20 13:39:47,924 [INFO] IPUIPlugin:80 - create IPUIPlugin
2026-05-20 13:39:47,925 [INFO] PluginManager:220 - loadIPPluginJar : add i2c
2026-05-20 13:39:48,038 [INFO] IPUIPlugin:80 - create IPUIPlugin
2026-05-20 13:39:48,038 [INFO] PluginManager:220 - loadIPPluginJar : add i2s
2026-05-20 13:39:48,175 [INFO] IPUIPlugin:80 - create IPUIPlugin
2026-05-20 13:39:48,175 [INFO] PluginManager:220 - loadIPPluginJar : add i3c
2026-05-20 13:39:48,462 [INFO] IPUIPlugin:80 - create IPUIPlugin
2026-05-20 13:39:48,463 [INFO] PluginManager:220 - loadIPPluginJar : add ipddr
2026-05-20 13:39:48,714 [INFO] IPUIPlugin:80 - create IPUIPlugin
2026-05-20 13:39:48,714 [INFO] PluginManager:220 - loadIPPluginJar : add linkedlist
2026-05-20 13:39:48,812 [INFO] IPUIPlugin:80 - create IPUIPlugin
2026-05-20 13:39:48,812 [INFO] PluginManager:220 - loadIPPluginJar : add lorawan
2026-05-20 13:39:48,919 [INFO] IPUIPlugin:80 - create IPUIPlugin
2026-05-20 13:39:48,919 [INFO] PluginManager:220 - loadIPPluginJar : add ltdc
2026-05-20 13:39:48,953 [INFO] IPUIPlugin:80 - create IPUIPlugin
2026-05-20 13:39:48,953 [INFO] PluginManager:220 - loadIPPluginJar : add mdma
2026-05-20 13:39:48,979 [INFO] IPUIPlugin:80 - create IPUIPlugin
2026-05-20 13:39:48,979 [INFO] PluginManager:220 - loadIPPluginJar : add nvic
2026-05-20 13:39:49,070 [INFO] IPUIPlugin:80 - create IPUIPlugin
2026-05-20 13:39:49,070 [INFO] PluginManager:220 - loadIPPluginJar : add opamp
2026-05-20 13:39:49,226 [INFO] IPUIPlugin:80 - create IPUIPlugin
2026-05-20 13:39:49,227 [INFO] PluginManager:220 - loadIPPluginJar : add openamp
2026-05-20 13:39:49,384 [INFO] IPUIPlugin:80 - create IPUIPlugin
2026-05-20 13:39:49,384 [INFO] PluginManager:220 - loadIPPluginJar : add pdm2pcm
2026-05-20 13:39:49,415 [INFO] IPUIPlugin:80 - create IPUIPlugin
2026-05-20 13:39:49,420 [INFO] PluginManager:220 - loadIPPluginJar : add plateformsettings
2026-05-20 13:39:49,474 [INFO] IPUIPlugin:80 - create IPUIPlugin
2026-05-20 13:39:49,474 [INFO] PluginManager:220 - loadIPPluginJar : add quadspi
2026-05-20 13:39:49,501 [INFO] IPUIPlugin:80 - create IPUIPlugin
2026-05-20 13:39:49,502 [INFO] PluginManager:220 - loadIPPluginJar : add resmgrutility
2026-05-20 13:39:49,622 [INFO] IPUIPlugin:80 - create IPUIPlugin
2026-05-20 13:39:49,622 [INFO] PluginManager:220 - loadIPPluginJar : add sai
2026-05-20 13:39:49,715 [INFO] IPUIPlugin:80 - create IPUIPlugin
2026-05-20 13:39:49,715 [INFO] PluginManager:220 - loadIPPluginJar : add spi
2026-05-20 13:39:49,887 [INFO] IPUIPlugin:80 - create IPUIPlugin
2026-05-20 13:39:49,888 [INFO] PluginManager:220 - loadIPPluginJar : add stm32_wpan
2026-05-20 13:39:49,943 [INFO] IPUIPlugin:80 - create IPUIPlugin
2026-05-20 13:39:49,943 [INFO] PluginManager:220 - loadIPPluginJar : add tim
2026-05-20 13:39:50,095 [INFO] IPUIPlugin:80 - create IPUIPlugin
2026-05-20 13:39:50,095 [INFO] PluginManager:220 - loadIPPluginJar : add touchsensing
2026-05-20 13:39:50,151 [INFO] IPUIPlugin:80 - create IPUIPlugin
2026-05-20 13:39:50,152 [INFO] PluginManager:220 - loadIPPluginJar : add tracer_emb
2026-05-20 13:39:50,209 [INFO] IPUIPlugin:80 - create IPUIPlugin
2026-05-20 13:39:50,210 [INFO] PluginManager:220 - loadIPPluginJar : add ts
2026-05-20 13:39:50,265 [INFO] IPUIPlugin:80 - create IPUIPlugin
2026-05-20 13:39:50,265 [INFO] PluginManager:220 - loadIPPluginJar : add tsc
2026-05-20 13:39:50,320 [INFO] IPUIPlugin:80 - create IPUIPlugin
2026-05-20 13:39:50,321 [INFO] PluginManager:220 - loadIPPluginJar : add ucpd
2026-05-20 13:39:50,455 [INFO] ThirdPartyUpdaterWithRetryManager:70 - Updater plugin not ready yet. [3/15]
2026-05-20 13:39:50,461 [INFO] IPUIPlugin:80 - create IPUIPlugin
2026-05-20 13:39:50,461 [INFO] PluginManager:220 - loadIPPluginJar : add usart
2026-05-20 13:39:50,576 [INFO] IPUIPlugin:80 - create IPUIPlugin
2026-05-20 13:39:50,576 [INFO] PluginManager:220 - loadIPPluginJar : add usbx
2026-05-20 13:39:50,801 [INFO] CADModel:165 - CPN selected for project level
2026-05-20 13:39:50,801 [INFO] CADModel:114 - Register for checkConnection events
2026-05-20 13:39:50,802 [FATAL] Updater:308 - Updater called before beeing initialized
2026-05-20 13:39:50,802 [ERROR] CADModel:125 - Updater not yet initialized, retry later 
2026-05-20 13:39:51,128 [INFO] CADModel:165 - CPN selected for project level
2026-05-20 13:39:51,128 [INFO] CADModel:114 - Register for checkConnection events
2026-05-20 13:39:51,129 [FATAL] Updater:308 - Updater called before beeing initialized
2026-05-20 13:39:51,129 [ERROR] CADModel:125 - Updater not yet initialized, retry later 
2026-05-20 13:39:51,136 [FATAL] Updater:308 - Updater called before beeing initialized
2026-05-20 13:39:51,389 [FATAL] Updater:308 - Updater called before beeing initialized
2026-05-20 13:39:51,415 [INFO] DbMcusAds:53 - JSON generation date=Mon Apr 27 10:14:29 CEST 2026 (1777277669577)
2026-05-20 13:39:51,416 [FATAL] Updater:308 - Updater called before beeing initialized
2026-05-20 13:39:51,594 [WARN] DetailPanel:346 - Failed to get advertising image, set to default
2026-05-20 13:39:51,798 [FATAL] Updater:308 - Updater called before beeing initialized
2026-05-20 13:39:51,803 [FATAL] Updater:308 - Updater called before beeing initialized
2026-05-20 13:39:51,803 [FATAL] Updater:308 - Updater called before beeing initialized
2026-05-20 13:39:51,803 [WARN] DetailPanel:346 - Failed to get advertising image, set to default
2026-05-20 13:39:51,805 [FATAL] Updater:308 - Updater called before beeing initialized
2026-05-20 13:39:51,969 [ERROR] Updater:1120 - MainUpdater not yet initialized. External WinMGr cannot be set.
2026-05-20 13:39:51,994 [INFO] Updater:1056 - Updater Version found : 6.11.1
2026-05-20 13:39:52,032 [INFO] ApplicationProperties:184 - Using Application install path: C:\ST\STM32CubeIDE_1.15.1\STM32CubeIDE\plugins\com.st.stm32cube.common.mx_6.11.1.202404110753
2026-05-20 13:39:53,456 [INFO] ThirdPartyUpdaterWithRetryManager:70 - Updater plugin not ready yet. [4/15]
2026-05-20 13:39:53,683 [ERROR] LogOutputStream:75 - [STDERR_REDIRECT] May 20, 2026 1:39:53 PM java.util.prefs.WindowsPreferences <init>
2026-05-20 13:39:53,686 [ERROR] LogOutputStream:75 - [STDERR_REDIRECT] WARNING: Could not open/create prefs root node Software\JavaSoft\Prefs at root 0xffffffff80000002. Windows RegCreateKeyEx(...) returned error code 5.
2026-05-20 13:39:53,686 [ERROR] LogOutputStream:75 - [STDERR_REDIRECT] 
2026-05-20 13:39:54,516 [INFO] MainUpdater:2873 - connection check result : 10
2026-05-20 13:39:54,517 [INFO] MainUpdater:290 - Updater Check For Update Now.
2026-05-20 13:39:54,518 [INFO] MicroXplorer:498 - Change Database Version : DB.6.0.111
2026-05-20 13:39:54,561 [INFO] McuFinderGlobals:63 - Set McuFinder mode to 2 (CubeIDE integrated)
2026-05-20 13:39:54,600 [INFO] UserAuth:415 - Internet connection configuration mode: 1
2026-05-20 13:39:54,699 [INFO] JxBrowserEngine:152 - Initiate JxBrowser Engine with user profile folder
2026-05-20 13:39:55,002 [INFO] CheckServerUpdateThread:120 - End of CheckServer Thread
2026-05-20 13:39:57,187 [WARN] PackLoader:240 - Cannot read IP mode file for STMicroelectronics.X-CUBE-AZRTOS-H7.3.5.0
2026-05-20 13:39:57,237 [WARN] PackLoader:240 - Cannot read IP mode file for STMicroelectronics.FP-ATR-ASTRA1.2.0.2
2026-05-20 13:39:57,298 [WARN] PackLoader:240 - Cannot read IP mode file for STMicroelectronics.X-CUBE-SMBUS.2.1.0
2026-05-20 13:39:57,388 [WARN] PackLoader:240 - Cannot read IP mode file for STMicroelectronics.X-CUBE-AZRTOS-F7.1.1.0
2026-05-20 13:39:57,429 [ERROR] Engine:466 - C:\Users\madhi\.stm32cubemx\thirdparties\pdsc\STMicroelectronics.FP-SNS-MOTENV1.5.1.0.pdsc: PDSC version is not supported
2026-05-20 13:39:57,467 [ERROR] Engine:466 - C:\Users\madhi\.stm32cubemx\thirdparties\pdsc\WES.I-CUBE-Cesium.1.4.0.pdsc: PDSC version is not supported
2026-05-20 13:39:57,514 [WARN] PackLoader:240 - Cannot read IP mode file for STMicroelectronics.X-CUBE-DISPLAY.3.0.0
2026-05-20 13:39:57,576 [WARN] PackLoader:240 - Cannot read IP mode file for STMicroelectronics.X-CUBE-GNSS1.7.1.1
2026-05-20 13:39:57,622 [ERROR] Engine:466 - C:\Users\madhi\.stm32cubemx\thirdparties\pdsc\STMicroelectronics.FP-SNS-MOTENVWB1.1.5.0.pdsc: PDSC version is not supported
2026-05-20 13:39:57,658 [WARN] PackLoader:240 - Cannot read IP mode file for wolfSSL.I-CUBE-wolfSSL.5.9.1
2026-05-20 13:39:57,713 [WARN] PackLoader:240 - Cannot read IP mode file for STMicroelectronics.X-CUBE-NFC10.1.0.0
2026-05-20 13:39:57,759 [ERROR] Engine:466 - C:\Users\madhi\.stm32cubemx\thirdparties\pdsc\STMicroelectronics.X-CUBE-ST60.1.1.0.pdsc: PDSC version is not supported
2026-05-20 13:39:57,798 [WARN] PackLoader:240 - Cannot read IP mode file for emotas.I-CUBE-CANOPEN.1.3.0
2026-05-20 13:39:57,834 [WARN] PackLoader:240 - Cannot read IP mode file for STMicroelectronics.X-CUBE-GNSS1.7.1.0
2026-05-20 13:39:57,884 [ERROR] Engine:466 - C:\Users\madhi\.stm32cubemx\thirdparties\pdsc\STMicroelectronics.FP-SNS-STBOX1.2.1.0.pdsc: PDSC version is not supported
2026-05-20 13:39:57,925 [WARN] PackLoader:240 - Cannot read IP mode file for STMicroelectronics.FP-SNS-SMARTAG2.1.2.0
2026-05-20 13:39:57,948 [ERROR] Engine:466 - C:\Users\madhi\.stm32cubemx\thirdparties\pdsc\STMicroelectronics.FP-SNS-FLIGHT1.5.1.0.pdsc: PDSC version is not supported
2026-05-20 13:39:57,989 [INFO] LogOutputStream:77 - [STDOUT_REDIRECT] 1 : Invalid condition id : UX_CORESTACK_Condition cause : null
2026-05-20 13:39:57,990 [INFO] LogOutputStream:77 - [STDOUT_REDIRECT] 1 : Invalid condition id : UX_CORESTACK_Condition cause : null
2026-05-20 13:39:57,992 [INFO] LogOutputStream:77 - [STDOUT_REDIRECT] 1 : Invalid condition id : UX_CORESTACK_Condition cause : null
2026-05-20 13:39:57,995 [INFO] LogOutputStream:77 - [STDOUT_REDIRECT] 1 : Invalid condition id : UX_CORESTACK_Condition cause : null
2026-05-20 13:39:57,999 [INFO] LogOutputStream:77 - [STDOUT_REDIRECT] 1 : Invalid condition id : UX_CORESTACK_Condition cause : null
2026-05-20 13:39:58,010 [WARN] PackLoader:240 - Cannot read IP mode file for STMicroelectronics.X-CUBE-AZRTOS-WL.2.0.0
2026-05-20 13:39:58,093 [WARN] PackLoader:240 - Cannot read IP mode file for STMicroelectronics.X-CUBE-AZRTOS-H7RS.1.2.0
2026-05-20 13:39:58,136 [WARN] PackLoader:240 - Cannot read IP mode file for STMicroelectronics.X-CUBE-BLE2.3.3.0
2026-05-20 13:39:58,228 [WARN] PackLoader:240 - Cannot read IP mode file for Infineon.AIROC-Wi-Fi-Bluetooth-STM32.1.8.0
2026-05-20 13:39:58,306 [WARN] PackLoader:240 - Cannot read IP mode file for STMicroelectronics.X-CUBE-NFC9.1.0.0
2026-05-20 13:39:58,356 [WARN] PackLoader:240 - Cannot read IP mode file for STMicroelectronics.X-CUBE-BLE1.7.1.0
2026-05-20 13:39:58,394 [WARN] PackLoader:240 - Cannot read IP mode file for wolfSSL.I-CUBE-wolfMQTT.1.19.2
2026-05-20 13:39:58,438 [WARN] PackLoader:240 - Cannot read IP mode file for STMicroelectronics.X-CUBE-EEPRMA1.5.2.0
2026-05-20 13:39:58,478 [WARN] PackLoader:240 - Cannot read IP mode file for wolfSSL.I-CUBE-wolfSSL.5.8.4
2026-05-20 13:39:58,511 [ERROR] Engine:466 - C:\Users\madhi\.stm32cubemx\thirdparties\pdsc\Cesanta.I-CUBE-Mongoose.7.20.0.pdsc: PDSC version is not supported
2026-05-20 13:39:58,539 [ERROR] Engine:466 - C:\Users\madhi\.stm32cubemx\thirdparties\pdsc\STMicroelectronics.FP-SNS-STAIOTCFT.1.1.0.pdsc: PDSC version is not supported
2026-05-20 13:39:58,673 [WARN] PackLoader:240 - Cannot read IP mode file for STMicroelectronics.X-CUBE-MEMS1.12.0.0
2026-05-20 13:39:58,940 [WARN] PackLoader:240 - Cannot read IP mode file for STMicroelectronics.X-CUBE-AZRTOS-G0.1.1.0
2026-05-20 13:39:58,978 [WARN] PackLoader:240 - Cannot read IP mode file for STMicroelectronics.X-CUBE-NFC4.3.0.0
2026-05-20 13:39:59,025 [WARN] PackLoader:240 - Cannot read IP mode file for EmbeddedOffice.I-CUBE-FS-RTOS.1.0.1
2026-05-20 13:39:59,026 [ERROR] ConditionMgr:805 - Attr not supported : Dmpu
2026-05-20 13:39:59,027 [ERROR] ConditionMgr:805 - Attr not supported : Dmpu
2026-05-20 13:39:59,027 [ERROR] ConditionMgr:805 - Attr not supported : Dmpu
2026-05-20 13:39:59,027 [ERROR] ConditionMgr:805 - Attr not supported : Dmpu
2026-05-20 13:39:59,027 [ERROR] ConditionMgr:805 - Attr not supported : Dmpu
2026-05-20 13:39:59,028 [ERROR] ConditionMgr:805 - Attr not supported : Dmpu
2026-05-20 13:39:59,028 [ERROR] ConditionMgr:805 - Attr not supported : Dmpu
2026-05-20 13:39:59,028 [ERROR] ConditionMgr:805 - Attr not supported : Dmpu
2026-05-20 13:39:59,028 [ERROR] ConditionMgr:805 - Attr not supported : Dmpu
2026-05-20 13:39:59,029 [ERROR] ConditionMgr:805 - Attr not supported : Dmpu
2026-05-20 13:39:59,029 [ERROR] ConditionMgr:805 - Attr not supported : Dmpu
2026-05-20 13:39:59,029 [ERROR] ConditionMgr:805 - Attr not supported : Dmpu
2026-05-20 13:39:59,029 [ERROR] ConditionMgr:805 - Attr not supported : Dmpu
2026-05-20 13:39:59,029 [ERROR] ConditionMgr:805 - Attr not supported : Dmpu
2026-05-20 13:39:59,030 [ERROR] ConditionMgr:805 - Attr not supported : Dmpu
2026-05-20 13:39:59,030 [ERROR] ConditionMgr:805 - Attr not supported : Dmpu
2026-05-20 13:39:59,030 [ERROR] ConditionMgr:805 - Attr not supported : Dmpu
2026-05-20 13:39:59,031 [ERROR] ConditionMgr:805 - Attr not supported : Dmpu
2026-05-20 13:39:59,031 [ERROR] ConditionMgr:805 - Attr not supported : Dmpu
2026-05-20 13:39:59,031 [ERROR] ConditionMgr:805 - Attr not supported : Dmpu
2026-05-20 13:39:59,031 [ERROR] ConditionMgr:805 - Attr not supported : Dmpu
2026-05-20 13:39:59,031 [ERROR] ConditionMgr:805 - Attr not supported : Dmpu
2026-05-20 13:39:59,032 [ERROR] ConditionMgr:805 - Attr not supported : Dmpu
2026-05-20 13:39:59,032 [ERROR] ConditionMgr:805 - Attr not supported : Dmpu
2026-05-20 13:39:59,032 [ERROR] ConditionMgr:805 - Attr not supported : Dmpu
2026-05-20 13:39:59,032 [ERROR] ConditionMgr:805 - Attr not supported : Dmpu
2026-05-20 13:39:59,032 [ERROR] ConditionMgr:805 - Attr not supported : Dmpu
2026-05-20 13:39:59,033 [ERROR] ConditionMgr:805 - Attr not supported : Dmpu
2026-05-20 13:39:59,033 [ERROR] ConditionMgr:805 - Attr not supported : Dmpu
2026-05-20 13:39:59,033 [ERROR] ConditionMgr:805 - Attr not supported : Dmpu
2026-05-20 13:39:59,033 [ERROR] ConditionMgr:805 - Attr not supported : Dmpu
2026-05-20 13:39:59,033 [ERROR] ConditionMgr:805 - Attr not supported : Dmpu
2026-05-20 13:39:59,033 [ERROR] ConditionMgr:805 - Attr not supported : Dmpu
2026-05-20 13:39:59,034 [ERROR] ConditionMgr:805 - Attr not supported : Dmpu
2026-05-20 13:39:59,034 [ERROR] ConditionMgr:805 - Attr not supported : Dmpu
2026-05-20 13:39:59,034 [ERROR] ConditionMgr:805 - Attr not supported : Dmpu
2026-05-20 13:39:59,034 [ERROR] ConditionMgr:805 - Attr not supported : Dmpu
2026-05-20 13:39:59,034 [ERROR] ConditionMgr:805 - Attr not supported : Dmpu
2026-05-20 13:39:59,035 [ERROR] ConditionMgr:805 - Attr not supported : Dmpu
2026-05-20 13:39:59,035 [ERROR] ConditionMgr:805 - Attr not supported : Dmpu
2026-05-20 13:39:59,035 [ERROR] ConditionMgr:805 - Attr not supported : Dmpu
2026-05-20 13:39:59,036 [ERROR] ConditionMgr:805 - Attr not supported : Dmpu
2026-05-20 13:39:59,036 [ERROR] ConditionMgr:805 - Attr not supported : Dmpu
2026-05-20 13:39:59,036 [ERROR] ConditionMgr:805 - Attr not supported : Dmpu
2026-05-20 13:39:59,036 [ERROR] ConditionMgr:805 - Attr not supported : Dmpu
2026-05-20 13:39:59,037 [ERROR] ConditionMgr:805 - Attr not supported : Dmpu
2026-05-20 13:39:59,037 [ERROR] ConditionMgr:805 - Attr not supported : Dmpu
2026-05-20 13:39:59,037 [ERROR] ConditionMgr:805 - Attr not supported : Dmpu
2026-05-20 13:39:59,037 [ERROR] ConditionMgr:805 - Attr not supported : Dmpu
2026-05-20 13:39:59,038 [ERROR] ConditionMgr:805 - Attr not supported : Dmpu
2026-05-20 13:39:59,038 [ERROR] ConditionMgr:805 - Attr not supported : Dmpu
2026-05-20 13:39:59,038 [ERROR] ConditionMgr:805 - Attr not supported : Dmpu
2026-05-20 13:39:59,038 [ERROR] ConditionMgr:805 - Attr not supported : Dmpu
2026-05-20 13:39:59,038 [ERROR] ConditionMgr:805 - Attr not supported : Dmpu
2026-05-20 13:39:59,039 [ERROR] ConditionMgr:805 - Attr not supported : Dmpu
2026-05-20 13:39:59,039 [ERROR] ConditionMgr:805 - Attr not supported : Dmpu
2026-05-20 13:39:59,039 [ERROR] ConditionMgr:805 - Attr not supported : Dmpu
2026-05-20 13:39:59,039 [ERROR] ConditionMgr:805 - Attr not supported : Dmpu
2026-05-20 13:39:59,040 [ERROR] ConditionMgr:805 - Attr not supported : Dmpu
2026-05-20 13:39:59,040 [ERROR] ConditionMgr:805 - Attr not supported : Dmpu
2026-05-20 13:39:59,040 [ERROR] ConditionMgr:805 - Attr not supported : Dmpu
2026-05-20 13:39:59,040 [ERROR] ConditionMgr:805 - Attr not supported : Dmpu
2026-05-20 13:39:59,041 [ERROR] ConditionMgr:805 - Attr not supported : Dmpu
2026-05-20 13:39:59,041 [ERROR] ConditionMgr:805 - Attr not supported : Dmpu
2026-05-20 13:39:59,082 [WARN] PackLoader:240 - Cannot read IP mode file for STMicroelectronics.X-CUBE-WB05N.2.0.0
2026-05-20 13:39:59,107 [WARN] PackLoader:240 - Cannot read IP mode file for wolfSSL.I-CUBE-wolfTPM.3.8.0
2026-05-20 13:39:59,135 [ERROR] Engine:466 - C:\Users\madhi\.stm32cubemx\thirdparties\pdsc\STMicroelectronics.X-CUBE-TCPP.4.2.0.pdsc: PDSC version is not supported
2026-05-20 13:39:59,169 [WARN] PackLoader:240 - Cannot read IP mode file for RealThread.X-CUBE-RT-Thread_Nano.4.1.1
2026-05-20 13:39:59,207 [WARN] PackLoader:240 - Cannot read IP mode file for STMicroelectronics.FP-ATR-SIGFOX1.3.2.0
2026-05-20 13:39:59,239 [ERROR] Engine:466 - C:\Users\madhi\.stm32cubemx\thirdparties\pdsc\STMicroelectronics.X-CUBE-FREERTOS.1.5.0.pdsc: PDSC version is not supported
2026-05-20 13:39:59,271 [WARN] PackLoader:240 - Cannot read IP mode file for ITTIA_DB.I-CUBE-ITTIADB.8.9.0
2026-05-20 13:39:59,305 [ERROR] Engine:466 - C:\Users\madhi\.stm32cubemx\thirdparties\pdsc\Cesanta.I-CUBE-Mongoose.7.21.7.pdsc: PDSC version is not supported
2026-05-20 13:39:59,345 [WARN] PackLoader:240 - Cannot read IP mode file for STMicroelectronics.X-CUBE-NFC6.3.2.0
2026-05-20 13:39:59,378 [WARN] PackLoader:240 - Cannot read IP mode file for STMicroelectronics.X-CUBE-AI.10.2.0
2026-05-20 13:39:59,524 [WARN] PackLoader:240 - Cannot read IP mode file for STMicroelectronics.X-CUBE-MEMS1.12.1.0
2026-05-20 13:39:59,979 [WARN] PackLoader:240 - Cannot read IP mode file for SEGGER.I-CUBE-embOS.1.3.1
2026-05-20 13:40:00,159 [WARN] PackLoader:240 - Cannot read IP mode file for STMicroelectronics.X-CUBE-ALGOBUILD.1.4.0
2026-05-20 13:40:00,190 [WARN] PackLoader:240 - Cannot read IP mode file for STMicroelectronics.X-CUBE-PM33A1.1.0.0
2026-05-20 13:40:00,250 [WARN] PackLoader:240 - Cannot read IP mode file for STMicroelectronics.X-CUBE-AZRTOS-F4.1.1.0
2026-05-20 13:40:00,283 [WARN] PackLoader:240 - Cannot read IP mode file for STMicroelectronics.X-CUBE-ISPU.2.1.0
2026-05-20 13:40:00,314 [ERROR] Engine:466 - C:\Users\madhi\.stm32cubemx\thirdparties\pdsc\STMicroelectronics.X-CUBE-IPS.3.2.0.pdsc: PDSC version is not supported
2026-05-20 13:40:00,346 [ERROR] Engine:466 - C:\Users\madhi\.stm32cubemx\thirdparties\pdsc\STMicroelectronics.eDS-WB_DPC_TT-BIDIR.2.1.1.pdsc: PDSC version is not supported
2026-05-20 13:40:00,387 [WARN] PackLoader:240 - Cannot read IP mode file for STMicroelectronics.X-CUBE-NFC12.1.0.0
2026-05-20 13:40:00,466 [WARN] PackLoader:240 - Cannot read IP mode file for STMicroelectronics.X-CUBE-AZRTOS-L5.2.0.0
2026-05-20 13:40:00,504 [ERROR] Engine:466 - C:\Users\madhi\.stm32cubemx\thirdparties\pdsc\STMicroelectronics.eDS-WB_DPC_VIENNA.1.2.0.pdsc: PDSC version is not supported
2026-05-20 13:40:00,530 [ERROR] Engine:466 - C:\Users\madhi\.stm32cubemx\thirdparties\pdsc\STMicroelectronics.eDS-WB_DPC_3PH2L-BIDIR.1.1.1.pdsc: PDSC version is not supported
2026-05-20 13:40:00,558 [ERROR] Engine:466 - C:\Users\madhi\.stm32cubemx\thirdparties\pdsc\STMicroelectronics.X-CUBE-ST67W61.1.3.0.pdsc: PDSC version is not supported
2026-05-20 13:40:00,598 [WARN] PackLoader:240 - Cannot read IP mode file for STMicroelectronics.X-CUBE-TOUCHGFX.4.26.1
2026-05-20 13:40:00,626 [ERROR] Engine:466 - C:\Users\madhi\.stm32cubemx\thirdparties\pdsc\STMicroelectronics.FP-SNS-STAIOTCFT.1.0.0.pdsc: PDSC version is not supported
2026-05-20 13:40:00,653 [WARN] PackLoader:240 - Cannot read IP mode file for STMicroelectronics.X-CUBE-DPower.1.3.0
2026-05-20 13:40:00,728 [WARN] ConditionMgr:438 - getConditionDescription Invalid condition id : LAN8742 Phy interface Condition cause : null
2026-05-20 13:40:00,730 [WARN] PackLoader:240 - Cannot read IP mode file for STMicroelectronics.X-CUBE-AZRTOS-L4.2.0.0
2026-05-20 13:40:00,733 [WARN] ConditionMgr:1039 - genDependencies : Invalid condition id : LAN8742 Phy interface Condition cause : null
2026-05-20 13:40:00,733 [WARN] ConditionMgr:1039 - genDependencies : Invalid condition id : LAN8742 Phy interface Condition cause : null
2026-05-20 13:40:00,735 [WARN] ConditionMgr:1039 - genDependencies : Invalid condition id : LAN8742 Phy interface Condition cause : null
2026-05-20 13:40:00,771 [WARN] PackLoader:240 - Cannot read IP mode file for STMicroelectronics.X-CUBE-SFXS2LP1.4.0.0
2026-05-20 13:40:00,812 [WARN] PackLoader:240 - Cannot read IP mode file for STMicroelectronics.X-CUBE-WB05N.2.1.0
2026-05-20 13:40:00,841 [ERROR] Engine:466 - C:\Users\madhi\.stm32cubemx\thirdparties\pdsc\STMicroelectronics.X-CUBE-ST67W61.1.2.0.pdsc: PDSC version is not supported
2026-05-20 13:40:00,868 [ERROR] Engine:466 - C:\Users\madhi\.stm32cubemx\thirdparties\pdsc\STMicroelectronics.X-CUBE-BLEMGR.4.1.0.pdsc: PDSC version is not supported
2026-05-20 13:40:00,926 [WARN] ConditionMgr:438 - getConditionDescription Invalid condition id : UX DEVICE CLASS RTOS Condition cause : null
2026-05-20 13:40:00,926 [WARN] ConditionMgr:438 - getConditionDescription Invalid condition id : UX DEVICE CLASS RTOS Condition cause : null
2026-05-20 13:40:00,932 [WARN] PackLoader:240 - Cannot read IP mode file for STMicroelectronics.X-CUBE-AZRTOS-WB.2.0.0
2026-05-20 13:40:00,933 [WARN] ConditionMgr:1039 - genDependencies : Invalid condition id : UX DEVICE CLASS RTOS Condition cause : null
2026-05-20 13:40:00,934 [WARN] ConditionMgr:1039 - genDependencies : Invalid condition id : UX DEVICE CLASS RTOS Condition cause : null
2026-05-20 13:40:00,935 [WARN] ConditionMgr:1039 - genDependencies : Invalid condition id : UX DEVICE CLASS RTOS Condition cause : null
2026-05-20 13:40:00,936 [WARN] ConditionMgr:1039 - genDependencies : Invalid condition id : UX DEVICE CLASS RTOS Condition cause : null
2026-05-20 13:40:00,936 [WARN] ConditionMgr:1039 - genDependencies : Invalid condition id : UX DEVICE CLASS RTOS Condition cause : null
2026-05-20 13:40:00,971 [WARN] ConditionMgr:438 - getConditionDescription Invalid condition id : Cortex-A Device cause : null
2026-05-20 13:40:01,023 [WARN] ConditionMgr:1039 - genDependencies : Invalid condition id : Cortex-A Device cause : null
2026-05-20 13:40:01,024 [WARN] ConditionMgr:1039 - genDependencies : Invalid condition id : Cortex-A Device cause : null
2026-05-20 13:40:01,024 [WARN] ConditionMgr:1039 - genDependencies : Invalid condition id : Cortex-A Device cause : null
2026-05-20 13:40:01,072 [WARN] PackLoader:240 - Cannot read IP mode file for STMicroelectronics.X-CUBE-STSE01.2.0.0
2026-05-20 13:40:01,123 [WARN] PackLoader:240 - Cannot read IP mode file for STMicroelectronics.X-CUBE-SUBG2.5.0.0
2026-05-20 13:40:01,197 [WARN] PackLoader:240 - Cannot read IP mode file for STMicroelectronics.X-CUBE-AZRTOS-G4.2.0.0
2026-05-20 13:40:01,224 [WARN] PackLoader:240 - Cannot read IP mode file for wolfSSL.I-CUBE-wolfSSH.1.4.20
2026-05-20 13:40:01,253 [WARN] PackLoader:240 - Cannot read IP mode file for STMicroelectronics.X-CUBE-NFC7.2.0.0
2026-05-20 13:40:01,291 [WARN] PackLoader:240 - Cannot read IP mode file for STMicroelectronics.X-CUBE-ALS.1.0.2
2026-05-20 13:40:01,332 [ERROR] Engine:466 - C:\Users\madhi\.stm32cubemx\thirdparties\pdsc\STMicroelectronics.X-CUBE-TOF1.3.4.3.pdsc: PDSC version is not supported
2026-05-20 13:40:01,333 [INFO] ThirdParty:978 - Integrity check success = true
2026-05-20 13:40:01,333 [INFO] IntegrityCheckThread:100 - exiting critical section [integrity check]
2026-05-20 13:40:01,333 [INFO] IntegrityCheckThread:103 - End integrity checks thread
2026-05-20 13:40:05,887 [INFO] WebApp:161 - Instantiating new browser for Auth
2026-05-20 13:40:07,328 [INFO] WebApp:779 - Register for checkConnection events
2026-05-20 13:40:07,328 [INFO] WebApp:414 - Apply proxy settings
2026-05-20 13:40:07,329 [INFO] WebApp:499 - Chromium requires no authentication
2026-05-20 13:40:07,345 [INFO] WebApp:442 - Direct internet connection detected
2026-05-20 13:40:07,740 [INFO] WebApp:192 - Starting web application
2026-05-20 13:40:07,740 [INFO] WebApp:544 - Web application path used C:\ST\STM32CubeIDE_1.15.1\STM32CubeIDE\plugins\com.st.stm32cube.common.mx_6.11.1.202404110753\db\plugins\mcufinder\reactClient1\index.html
2026-05-20 15:32:23,190 [ERROR] LogOutputStream:75 - [STDERR_REDIRECT] 
